#
# There is insufficient memory for the Java Runtime Environment to continue.
# Native memory allocation (mmap) failed to map 230686720 bytes for G1 virtual space
# Possible reasons:
#   The system is out of physical RAM or swap space
#   The process is running with CompressedOops enabled, and the Java Heap may be blocking the growth of the native heap
# Possible solutions:
#   Reduce memory load on the system
#   Increase physical memory or swap space
#   Check if swap backing store is full
#   Decrease Java heap size (-Xmx/-Xms)
#   Decrease number of Java threads
#   Decrease Java thread stack sizes (-Xss)
#   Set larger code cache with -XX:ReservedCodeCacheSize=
#   JVM is running with Zero Based Compressed Oops mode in which the Java heap is
#     placed in the first 32GB address space. The Java Heap base address is the
#     maximum limit for the native heap growth. Please use -XX:HeapBaseMinAddress
#     to set the Java Heap base and to place the Java Heap above 32GB virtual address.
# This output file may be truncated or incomplete.
#
#  Out of Memory Error (os_windows.cpp:3613), pid=18136, tid=24376
#
# JRE version:  (17.0.9+9) (build )
# Java VM: OpenJDK 64-Bit Server VM (17.0.9+9, mixed mode, sharing, tiered, compressed oops, compressed class ptrs, g1 gc, windows-amd64)
# No core dump will be written. Minidumps are not enabled by default on client versions of Windows
#

---------------  S U M M A R Y ------------

Command Line: 

Host: AMD Ryzen 7 7735U with Radeon Graphics         , 16 cores, 13G,  Windows 11 , 64 bit Build 26100 (10.0.26100.3037)
Time: Thu Feb 20 18:09:54 2025 GMT Standard Time elapsed time: 2.040441 seconds (0d 0h 0m 2s)

---------------  T H R E A D  ---------------

Current thread (0x000001a31a028440):  JavaThread "Unknown thread" [_thread_in_vm, id=24376, stack(0x0000005e09b00000,0x0000005e09c00000)]

Stack: [0x0000005e09b00000,0x0000005e09c00000]
Native frames: (J=compiled Java code, j=interpreted, Vv=VM code, C=native code)
V  [jvm.dll+0x67cf49]
V  [jvm.dll+0x83478a]
V  [jvm.dll+0x83624e]
V  [jvm.dll+0x8368b3]
V  [jvm.dll+0x247f1f]
V  [jvm.dll+0x679d69]
V  [jvm.dll+0x66e6ba]
V  [jvm.dll+0x307e5b]
V  [jvm.dll+0x30f306]
V  [jvm.dll+0x35f0ce]
V  [jvm.dll+0x35f2ff]
V  [jvm.dll+0x2dea58]
V  [jvm.dll+0x2df9c4]
V  [jvm.dll+0x806031]
V  [jvm.dll+0x36cf31]
V  [jvm.dll+0x7e4aac]
V  [jvm.dll+0x3f07af]
V  [jvm.dll+0x3f23e1]
C  [jli.dll+0x528f]
C  [ucrtbase.dll+0x37b0]
C  [KERNEL32.DLL+0x2e8d7]
C  [ntdll.dll+0xbbf2c]


---------------  P R O C E S S  ---------------

Threads class SMR info:
_java_thread_list=0x00007ffc9d93ee98, length=0, elements={
}

Java Threads: ( => current thread )

Other Threads:
  0x000001a31a08e890 GCTaskThread "GC Thread#0" [stack: 0x0000005e09c00000,0x0000005e09d00000] [id=34632]
  0x000001a31a09e670 ConcurrentGCThread "G1 Main Marker" [stack: 0x0000005e09d00000,0x0000005e09e00000] [id=33452]
  0x000001a31a09efa0 ConcurrentGCThread "G1 Conc#0" [stack: 0x0000005e09e00000,0x0000005e09f00000] [id=33128]

[error occurred during error reporting (printing all threads), id 0xc0000005, EXCEPTION_ACCESS_VIOLATION (0xc0000005) at pc=0x00007ffc9d0ff497]

VM state: not at safepoint (not fully initialized)

VM Mutex/Monitor currently owned by a thread:  ([mutex/lock_event])
[0x000001a31a025fd0] Heap_lock - owner thread: 0x000001a31a028440

Heap address: 0x0000000724e00000, size: 3506 MB, Compressed Oops mode: Zero based, Oop shift amount: 3

CDS archive(s) mapped at: [0x0000000000000000-0x0000000000000000-0x0000000000000000), size 0, SharedBaseAddress: 0x0000000800000000, ArchiveRelocationMode: 1.
Narrow klass base: 0x0000000000000000, Narrow klass shift: 0, Narrow klass range: 0x0

GC Precious Log:
<Empty>

Heap:
 garbage-first heap   total 0K, used 0K [0x0000000724e00000, 0x0000000800000000)
  region size 2048K, 0 young (0K), 0 survivors (0K)

[error occurred during error reporting (printing heap information), id 0xc0000005, EXCEPTION_ACCESS_VIOLATION (0xc0000005) at pc=0x00007ffc9d4e6c79]

GC Heap History (0 events):
No events

Dll operation events (1 events):
Event: 0.022 Loaded shared library C:\Program Files\Unity\Hub\Editor\6000.0.36f1\Editor\Data\PlaybackEngines\AndroidPlayer\OpenJDK\bin\java.dll

Deoptimization events (0 events):
No events

Classes unloaded (0 events):
No events

Classes redefined (0 events):
No events

Internal exceptions (0 events):
No events

VM Operations (0 events):
No events

Events (0 events):
No events


Dynamic libraries:
0x00007ff768fe0000 - 0x00007ff768fee000 	C:\Program Files\Unity\Hub\Editor\6000.0.36f1\Editor\Data\PlaybackEngines\AndroidPlayer\OpenJDK\bin\java.exe
0x00007ffce2c60000 - 0x00007ffce2ec3000 	C:\WINDOWS\SYSTEM32\ntdll.dll
0x00007ffce1cd0000 - 0x00007ffce1d97000 	C:\WINDOWS\System32\KERNEL32.DLL
0x00007ffce03c0000 - 0x00007ffce0787000 	C:\WINDOWS\System32\KERNELBASE.dll
0x00007ffce0950000 - 0x00007ffce0a9c000 	C:\WINDOWS\System32\ucrtbase.dll
0x00007ffccd720000 - 0x00007ffccd737000 	C:\Program Files\Unity\Hub\Editor\6000.0.36f1\Editor\Data\PlaybackEngines\AndroidPlayer\OpenJDK\bin\jli.dll
0x00007ffcd0fb0000 - 0x00007ffcd0fcb000 	C:\Program Files\Unity\Hub\Editor\6000.0.36f1\Editor\Data\PlaybackEngines\AndroidPlayer\OpenJDK\bin\VCRUNTIME140.dll
0x00007ffce29f0000 - 0x00007ffce2bb9000 	C:\WINDOWS\System32\USER32.dll
0x00007ffce0000000 - 0x00007ffce0027000 	C:\WINDOWS\System32\win32u.dll
0x00007ffcd4700000 - 0x00007ffcd4990000 	C:\WINDOWS\WinSxS\amd64_microsoft.windows.common-controls_6595b64144ccf1df_6.0.26100.3037_none_3e09262ce333c378\COMCTL32.dll
0x00007ffce1da0000 - 0x00007ffce1dca000 	C:\WINDOWS\System32\GDI32.dll
0x00007ffce0820000 - 0x00007ffce094b000 	C:\WINDOWS\System32\gdi32full.dll
0x00007ffce1020000 - 0x00007ffce10c9000 	C:\WINDOWS\System32\msvcrt.dll
0x00007ffce0310000 - 0x00007ffce03b3000 	C:\WINDOWS\System32\msvcp_win.dll
0x00007ffce0aa0000 - 0x00007ffce0acf000 	C:\WINDOWS\System32\IMM32.DLL
0x00007ffcd34d0000 - 0x00007ffcd34dc000 	C:\Program Files\Unity\Hub\Editor\6000.0.36f1\Editor\Data\PlaybackEngines\AndroidPlayer\OpenJDK\bin\vcruntime140_1.dll
0x00007ffcb1f60000 - 0x00007ffcb1fed000 	C:\Program Files\Unity\Hub\Editor\6000.0.36f1\Editor\Data\PlaybackEngines\AndroidPlayer\OpenJDK\bin\msvcp140.dll
0x00007ffc9ce10000 - 0x00007ffc9da71000 	C:\Program Files\Unity\Hub\Editor\6000.0.36f1\Editor\Data\PlaybackEngines\AndroidPlayer\OpenJDK\bin\server\jvm.dll
0x00007ffce1690000 - 0x00007ffce1744000 	C:\WINDOWS\System32\ADVAPI32.dll
0x00007ffce1f00000 - 0x00007ffce1fa6000 	C:\WINDOWS\System32\sechost.dll
0x00007ffce1de0000 - 0x00007ffce1ef6000 	C:\WINDOWS\System32\RPCRT4.dll
0x00007ffcdeca0000 - 0x00007ffcdecee000 	C:\WINDOWS\SYSTEM32\POWRPROF.dll
0x00007ffccca60000 - 0x00007ffccca6b000 	C:\WINDOWS\SYSTEM32\VERSION.dll
0x00007ffcbf4e0000 - 0x00007ffcbf4ea000 	C:\WINDOWS\SYSTEM32\WSOCK32.dll
0x00007ffcdb100000 - 0x00007ffcdb136000 	C:\WINDOWS\SYSTEM32\WINMM.dll
0x00007ffce17e0000 - 0x00007ffce1854000 	C:\WINDOWS\System32\WS2_32.dll
0x00007ffcdec80000 - 0x00007ffcdec94000 	C:\WINDOWS\SYSTEM32\UMPDC.dll
0x00007ffcdef40000 - 0x00007ffcdef5a000 	C:\WINDOWS\SYSTEM32\kernel.appcore.dll
0x00007ffcd2cf0000 - 0x00007ffcd2cfa000 	C:\Program Files\Unity\Hub\Editor\6000.0.36f1\Editor\Data\PlaybackEngines\AndroidPlayer\OpenJDK\bin\jimage.dll
0x00007ffcdd380000 - 0x00007ffcdd5c1000 	C:\WINDOWS\SYSTEM32\DBGHELP.DLL
0x00007ffce1880000 - 0x00007ffce1bfe000 	C:\WINDOWS\System32\combase.dll
0x00007ffce0c90000 - 0x00007ffce0d66000 	C:\WINDOWS\System32\OLEAUT32.dll
0x00007ffc8b730000 - 0x00007ffc8b769000 	C:\WINDOWS\SYSTEM32\dbgcore.DLL
0x00007ffce0270000 - 0x00007ffce0309000 	C:\WINDOWS\System32\bcryptPrimitives.dll
0x00007ffcbc5b0000 - 0x00007ffcbc5d5000 	C:\Program Files\Unity\Hub\Editor\6000.0.36f1\Editor\Data\PlaybackEngines\AndroidPlayer\OpenJDK\bin\java.dll

dbghelp: loaded successfully - version: 4.0.5 - missing functions: none
symbol engine: initialized successfully - sym options: 0x614 - pdb path: .;C:\Program Files\Unity\Hub\Editor\6000.0.36f1\Editor\Data\PlaybackEngines\AndroidPlayer\OpenJDK\bin;C:\WINDOWS\SYSTEM32;C:\WINDOWS\WinSxS\amd64_microsoft.windows.common-controls_6595b64144ccf1df_6.0.26100.3037_none_3e09262ce333c378;C:\Program Files\Unity\Hub\Editor\6000.0.36f1\Editor\Data\PlaybackEngines\AndroidPlayer\OpenJDK\bin\server

VM Arguments:
java_command: <unknown>
java_class_path (initial): <not set>
Launcher Type: SUN_STANDARD

[Global flags]
     intx CICompilerCount                          = 12                                        {product} {ergonomic}
     uint ConcGCThreads                            = 3                                         {product} {ergonomic}
     uint G1ConcRefinementThreads                  = 13                                        {product} {ergonomic}
   size_t G1HeapRegionSize                         = 2097152                                   {product} {ergonomic}
    uintx GCDrainStackTargetSize                   = 64                                        {product} {ergonomic}
   size_t InitialHeapSize                          = 230686720                                 {product} {ergonomic}
   size_t MarkStackSize                            = 4194304                                   {product} {ergonomic}
   size_t MaxHeapSize                              = 3676307456                                {product} {ergonomic}
   size_t MinHeapDeltaBytes                        = 2097152                                   {product} {ergonomic}
   size_t MinHeapSize                              = 8388608                                   {product} {ergonomic}
    uintx NonNMethodCodeHeapSize                   = 7602480                                {pd product} {ergonomic}
    uintx NonProfiledCodeHeapSize                  = 122027880                              {pd product} {ergonomic}
    uintx ProfiledCodeHeapSize                     = 122027880                              {pd product} {ergonomic}
    uintx ReservedCodeCacheSize                    = 251658240                              {pd product} {ergonomic}
     bool SegmentedCodeCache                       = true                                      {product} {ergonomic}
   size_t SoftMaxHeapSize                          = 3676307456                             {manageable} {ergonomic}
     bool UseCompressedClassPointers               = true                           {product lp64_product} {ergonomic}
     bool UseCompressedOops                        = true                           {product lp64_product} {ergonomic}
     bool UseG1GC                                  = true                                      {product} {ergonomic}
     bool UseLargePagesIndividualAllocation        = false                                  {pd product} {ergonomic}

Logging:
Log output configuration:
 #0: stdout all=warning uptime,level,tags
 #1: stderr all=off uptime,level,tags

Environment Variables:
JAVA_HOME=C:\Program Files\Unity\Hub\Editor\6000.0.36f1\Editor\Data\PlaybackEngines\AndroidPlayer\OpenJDK
PATH=C:\Program Files\Oculus\Support\oculus-runtime;C:\Program Files\PerkinElmerInformatics\ChemOffice\ChemScript\Lib;C:\Windows\system32;C:\Windows;C:\Windows\System32\Wbem;C:\Windows\System32\WindowsPowerShell\v1.0\;C:\Windows\System32\OpenSSH\;C:\Program Files\Git\cmd;C:\Program Files\CMake\bin;C:\Program Files (x86)\Windows Kits\10\Windows Performance Toolkit\;%SystemRoot%\system32;%SystemRoot%;%SystemRoot%\System32\Wbem;%SYSTEMROOT%\System32\WindowsPowerShell\v1.0\;%SYSTEMROOT%\System32\OpenSSH\;C:\Users\adamj\AppData\Local\Programs\Python\Launcher\;C:\Users\adamj\AppData\Local\Microsoft\WindowsApps;C:\Users\adamj\AppData\Local\Programs\Microsoft VS Code\bin;C:\msys64\mingw64\bin;C:\Users\adamj\AppData\Local\GitHubDesktop\bin;
USERNAME=adamj
OS=Windows_NT
PROCESSOR_IDENTIFIER=AMD64 Family 25 Model 68 Stepping 1, AuthenticAMD
TMP=C:\Users\adamj\AppData\Local\Temp
TEMP=C:\Users\adamj\AppData\Local\Temp



Periodic native trim disabled


---------------  S Y S T E M  ---------------

OS:
 Windows 11 , 64 bit Build 26100 (10.0.26100.3037)
OS uptime: 1 days 6:06 hours
Hyper-V role detected

CPU: total 16 (initial active 16) (16 cores per cpu, 2 threads per core) family 25 model 68 stepping 1 microcode 0xa404105, cx8, cmov, fxsr, ht, mmx, 3dnowpref, sse, sse2, sse3, ssse3, sse4a, sse4.1, sse4.2, popcnt, lzcnt, tsc, tscinvbit, avx, avx2, aes, erms, clmul, bmi1, bmi2, adx, sha, fma, vzeroupper, clflush, clflushopt, hv
Processor Information for all 16 processors :
  Max Mhz: 2701, Current Mhz: 2701, Mhz Limit: 2701

Memory: 4k page, system-wide physical 14020M (1023M free)
TotalPageFile size 57028M (AvailPageFile size 179M)
current process WorkingSet (physical memory assigned to process): 12M, peak: 12M
current process commit charge ("private bytes"): 70M, peak: 290M

vm_info: OpenJDK 64-Bit Server VM (17.0.9+9) for windows-amd64 JRE (17.0.9+9), built on Oct 26 2023 14:01:42 by "admin" with MS VC++ 16.10 / 16.11 (VS2019)

END.
